{
  "stats": {
    "suites": 1,
    "tests": 2,
    "passes": 1,
    "pending": 0,
    "failures": 1,
    "start": "2024-04-08T20:20:01.252Z",
    "end": "2024-04-08T20:20:01.732Z",
    "duration": 480,
    "testsRegistered": 2,
    "passPercent": 50,
    "pendingPercent": 0,
    "other": 0,
    "hasOther": false,
    "skipped": 0,
    "hasSkipped": false
  },
  "results": [
    {
      "uuid": "459f2e05-4324-47ff-bcc9-4207b7da5a89",
      "title": "",
      "fullFile": "cypress\\e2e\\Mywork\\myExcel.cy.js",
      "file": "cypress\\e2e\\Mywork\\myExcel.cy.js",
      "beforeHooks": [],
      "afterHooks": [],
      "tests": [],
      "suites": [
        {
          "uuid": "c330b290-78eb-43d5-a6c7-e58c825a7bbd",
          "title": "Reading from and Writing to Excel file ",
          "fullFile": "",
          "file": "",
          "beforeHooks": [],
          "afterHooks": [],
          "tests": [
            {
              "title": "01 should read from an Excel file",
              "fullTitle": "Reading from and Writing to Excel file  01 should read from an Excel file",
              "timedOut": null,
              "duration": 89,
              "state": "passed",
              "speed": "fast",
              "pass": true,
              "fail": false,
              "pending": false,
              "context": null,
              "code": "cy.task('ReadExcel', {\n  file: 'MyWork/sheet.xlsx',\n  sheetname: 'Sheet1'\n}).then(rows => {\n  cy.task('log', 'rows = ' + rows.length);\n  cy.writeFile('MyWork/sheet.json', {\n    rows\n  });\n});",
              "err": {},
              "uuid": "cd699e7d-47c7-4179-8b11-da1588d73c48",
              "parentUUID": "c330b290-78eb-43d5-a6c7-e58c825a7bbd",
              "isHook": false,
              "skipped": false
            },
            {
              "title": "02 should write to Excel file",
              "fullTitle": "Reading from and Writing to Excel file  02 should write to Excel file",
              "timedOut": null,
              "duration": 304,
              "state": "failed",
              "speed": null,
              "pass": false,
              "fail": true,
              "pending": false,
              "context": null,
              "code": "var data = [{\n  firstName: 'John',\n  lastName: 'Doe'\n}, {\n  firstName: 'Smith',\n  lastName: 'Peters'\n}, {\n  firstName: 'Alice',\n  lastName: 'Lee'\n}];\ncy.task('WriteExcel', {\n  jsonData: data,\n  sheetname: 'Responses',\n  filepath: 'MyWork/sampleData.xlsx'\n});",
              "err": {
                "message": "CypressError: `cy.task('WriteExcel')` failed with the following error:\n\nThe task 'WriteExcel' returned undefined. You must return a value, null, or a promise that resolves to a value or null to indicate that the task was handled.\n\nThe task handler was:\n\n({jsonData, sheername, filepath}) => {\r\n\r\n    const ws = xlsx.utils.json_to_sheet(jsonData);\r\n    const wb = xlsx.utils.book_new();\r\n    xlsx.utils.book_append_sheet(wb, ws, sheername);\r\n    xlsx.writeFile(wb, filepath);\r\n}\n\nFix this in your setupNodeEvents method here:\nC:\\MyCypress\\FirstDemo\\cypress.config.js\n\nhttps://on.cypress.io/api/task",
                "estack": "CypressError: `cy.task('WriteExcel')` failed with the following error:\n\nThe task 'WriteExcel' returned undefined. You must return a value, null, or a promise that resolves to a value or null to indicate that the task was handled.\n\nThe task handler was:\n\n({jsonData, sheername, filepath}) => {\r\n\r\n    const ws = xlsx.utils.json_to_sheet(jsonData);\r\n    const wb = xlsx.utils.book_new();\r\n    xlsx.utils.book_append_sheet(wb, ws, sheername);\r\n    xlsx.writeFile(wb, filepath);\r\n}\n\nFix this in your setupNodeEvents method here:\nC:\\MyCypress\\FirstDemo\\cypress.config.js\n\nhttps://on.cypress.io/api/task\n    at <unknown> (http://localhost:59558/__cypress/runner/cypress_runner.js:135271:72)\n    at tryCatcher (http://localhost:59558/__cypress/runner/cypress_runner.js:1807:23)\n    at Promise._settlePromiseFromHandler (http://localhost:59558/__cypress/runner/cypress_runner.js:1519:31)\n    at Promise._settlePromise (http://localhost:59558/__cypress/runner/cypress_runner.js:1576:18)\n    at Promise._settlePromise0 (http://localhost:59558/__cypress/runner/cypress_runner.js:1621:10)\n    at Promise._settlePromises (http://localhost:59558/__cypress/runner/cypress_runner.js:1697:18)\n    at _drainQueueStep (http://localhost:59558/__cypress/runner/cypress_runner.js:2407:12)\n    at _drainQueue (http://localhost:59558/__cypress/runner/cypress_runner.js:2400:9)\n    at Async._drainQueues (http://localhost:59558/__cypress/runner/cypress_runner.js:2416:5)\n    at Async.drainQueues (http://localhost:59558/__cypress/runner/cypress_runner.js:2286:14)\nFrom Your Spec Code:\n    at Context.eval (webpack://mycypress/./cypress/e2e/Mywork/myExcel.cy.js:26:14)",
                "diff": null
              },
              "uuid": "bdd90301-d8f5-43c8-ad5b-654cb6eef0f3",
              "parentUUID": "c330b290-78eb-43d5-a6c7-e58c825a7bbd",
              "isHook": false,
              "skipped": false
            }
          ],
          "suites": [],
          "passes": [
            "cd699e7d-47c7-4179-8b11-da1588d73c48"
          ],
          "failures": [
            "bdd90301-d8f5-43c8-ad5b-654cb6eef0f3"
          ],
          "pending": [],
          "skipped": [],
          "duration": 393,
          "root": false,
          "rootEmpty": false,
          "_timeout": 2000
        }
      ],
      "passes": [],
      "failures": [],
      "pending": [],
      "skipped": [],
      "duration": 0,
      "root": true,
      "rootEmpty": true,
      "_timeout": 2000
    }
  ],
  "meta": {
    "mocha": {
      "version": "7.0.1"
    },
    "mochawesome": {
      "options": {
        "quiet": false,
        "reportFilename": "mochawesome",
        "saveHtml": false,
        "saveJson": true,
        "consoleReporter": "spec",
        "useInlineDiffs": false,
        "code": true
      },
      "version": "7.1.3"
    },
    "marge": {
      "options": {
        "charts": true,
        "overwrite": false,
        "html": false,
        "json": true,
        "reportDir": "cypress/reports"
      },
      "version": "6.2.0"
    }
  }
}