{
  "stats": {
    "suites": 1,
    "tests": 1,
    "passes": 1,
    "pending": 0,
    "failures": 0,
    "start": "2024-04-08T19:45:33.298Z",
    "end": "2024-04-08T19:45:33.421Z",
    "duration": 123,
    "testsRegistered": 1,
    "passPercent": 100,
    "pendingPercent": 0,
    "other": 0,
    "hasOther": false,
    "skipped": 0,
    "hasSkipped": false
  },
  "results": [
    {
      "uuid": "223671f2-8fa9-4eae-808b-ebbf5c230094",
      "title": "",
      "fullFile": "cypress\\e2e\\Mywork\\myExcel.cy.js",
      "file": "cypress\\e2e\\Mywork\\myExcel.cy.js",
      "beforeHooks": [],
      "afterHooks": [],
      "tests": [],
      "suites": [
        {
          "uuid": "0447f64c-ded5-4103-81b2-5bba266e229a",
          "title": "Writing to Excel file ",
          "fullFile": "",
          "file": "",
          "beforeHooks": [],
          "afterHooks": [],
          "tests": [
            {
              "title": "should write to Excel file",
              "fullTitle": "Writing to Excel file  should write to Excel file",
              "timedOut": null,
              "duration": 103,
              "state": "passed",
              "speed": "fast",
              "pass": true,
              "fail": false,
              "pending": false,
              "context": null,
              "code": "cy.task('ReadExcel', {\n  file: 'MyWork/sheet.xlsx',\n  sheetname: 'Sheet1'\n}).then(rows => {\n  cy.task('log', 'rows = ' + rows.length);\n  cy.writeFile('MyWork/sheet.json', {\n    rows\n  });\n});",
              "err": {},
              "uuid": "c13c5943-36aa-4407-8b13-6213daff9a06",
              "parentUUID": "0447f64c-ded5-4103-81b2-5bba266e229a",
              "isHook": false,
              "skipped": false
            }
          ],
          "suites": [],
          "passes": [
            "c13c5943-36aa-4407-8b13-6213daff9a06"
          ],
          "failures": [],
          "pending": [],
          "skipped": [],
          "duration": 103,
          "root": false,
          "rootEmpty": false,
          "_timeout": 2000
        }
      ],
      "passes": [],
      "failures": [],
      "pending": [],
      "skipped": [],
      "duration": 0,
      "root": true,
      "rootEmpty": true,
      "_timeout": 2000
    }
  ],
  "meta": {
    "mocha": {
      "version": "7.0.1"
    },
    "mochawesome": {
      "options": {
        "quiet": false,
        "reportFilename": "mochawesome",
        "saveHtml": false,
        "saveJson": true,
        "consoleReporter": "spec",
        "useInlineDiffs": false,
        "code": true
      },
      "version": "7.1.3"
    },
    "marge": {
      "options": {
        "charts": true,
        "overwrite": false,
        "html": false,
        "json": true,
        "reportDir": "cypress/reports"
      },
      "version": "6.2.0"
    }
  }
}