{
  "stats": {
    "suites": 1,
    "tests": 3,
    "passes": 1,
    "pending": 0,
    "failures": 2,
    "start": "2024-04-03T03:53:15.546Z",
    "end": "2024-04-03T03:53:51.999Z",
    "duration": 36453,
    "testsRegistered": 3,
    "passPercent": 33.33333333333333,
    "pendingPercent": 0,
    "other": 0,
    "hasOther": false,
    "skipped": 0,
    "hasSkipped": false
  },
  "results": [
    {
      "uuid": "301e5818-7d4c-4a8b-84ea-f41af8612d9b",
      "title": "",
      "fullFile": "cypress\\e2e\\MyLink\\LinkAppAccessibilityCheck.cy.ts",
      "file": "cypress\\e2e\\MyLink\\LinkAppAccessibilityCheck.cy.ts",
      "beforeHooks": [],
      "afterHooks": [],
      "tests": [],
      "suites": [
        {
          "uuid": "ee017308-a11d-4bc9-9545-8cafb8c984d4",
          "title": "Link Application Accessbility Check",
          "fullFile": "",
          "file": "",
          "beforeHooks": [],
          "afterHooks": [],
          "tests": [
            {
              "title": "00 Application information ",
              "fullTitle": "Link Application Accessbility Check 00 Application information ",
              "timedOut": null,
              "duration": 81,
              "state": "passed",
              "speed": "fast",
              "pass": true,
              "fail": false,
              "pending": false,
              "context": null,
              "code": "cy.task('log', \"Application under test = \" + this.c.MyApp);",
              "err": {},
              "uuid": "8ca4cc42-f231-413a-a4cd-a727e8cad4dd",
              "parentUUID": "ee017308-a11d-4bc9-9545-8cafb8c984d4",
              "isHook": false,
              "skipped": false
            },
            {
              "title": "01 Visit Account Overview Page: Test accessbility ",
              "fullTitle": "Link Application Accessbility Check 01 Visit Account Overview Page: Test accessbility ",
              "timedOut": null,
              "duration": 14038,
              "state": "failed",
              "speed": null,
              "pass": false,
              "fail": true,
              "pending": false,
              "context": null,
              "code": "cy.visit(this.c.URL);\ncy.get(\"[id=\".concat(this.repo.LandingPage.NameInput, \"]\")).type(this.c.UserName);\ncy.get(\"[id=\".concat(this.repo.LandingPage.PwdInput, \"]\")).type(this.c.PassCode);\ncy.get(\"button\").contains(this.repo.LandingPage.LoginButton).click();\ncy.wait(10000);\ncy.injectAxe();\ncy.checkAccessibility(\"myReport\");",
              "err": {
                "message": "Error: No elements found for include in page Context",
                "estack": "Error: No elements found for include in page Context\n    at new uf (https://linkv4113.infinitycis.com/__cypress/tests?p=cypress\\support\\e2e.ts)\n    at Object.kb [as _runRules] (https://linkv4113.infinitycis.com/__cypress/tests?p=cypress\\support\\e2e.ts)\n    at axe.run (https://linkv4113.infinitycis.com/__cypress/tests?p=cypress\\support\\e2e.ts)",
                "diff": null
              },
              "uuid": "45937c4d-46da-44de-a380-df082f4e48a1",
              "parentUUID": "ee017308-a11d-4bc9-9545-8cafb8c984d4",
              "isHook": false,
              "skipped": false
            },
            {
              "title": "02 Visit Billing Page: Test accessbility ",
              "fullTitle": "Link Application Accessbility Check 02 Visit Billing Page: Test accessbility ",
              "timedOut": null,
              "duration": 18718,
              "state": "failed",
              "speed": null,
              "pass": false,
              "fail": true,
              "pending": false,
              "context": null,
              "code": "cy.visit(this.c.URL);\ncy.get(\"[id=\".concat(this.repo.LandingPage.NameInput, \"]\")).type(this.c.UserName);\ncy.get(\"[id=\".concat(this.repo.LandingPage.PwdInput, \"]\")).type(this.c.PassCode);\ncy.get(\"button\").contains(this.repo.LandingPage.LoginButton).click();\ncy.get(\"span\").contains(this.repo.AccountViewPage.MenuItemBilling).click();\ncy.wait(10000);\ncy.injectAxe();\ncy.checkAccessibility(\"myReport\");",
              "err": {
                "message": "Error: No elements found for include in page Context",
                "estack": "Error: No elements found for include in page Context\n    at new uf (https://linkv4113.infinitycis.com/__cypress/tests?p=cypress\\support\\e2e.ts)\n    at Object.kb [as _runRules] (https://linkv4113.infinitycis.com/__cypress/tests?p=cypress\\support\\e2e.ts)\n    at axe.run (https://linkv4113.infinitycis.com/__cypress/tests?p=cypress\\support\\e2e.ts)",
                "diff": null
              },
              "uuid": "128d05c7-3c56-40a5-a3de-777ef994e9dd",
              "parentUUID": "ee017308-a11d-4bc9-9545-8cafb8c984d4",
              "isHook": false,
              "skipped": false
            }
          ],
          "suites": [],
          "passes": [
            "8ca4cc42-f231-413a-a4cd-a727e8cad4dd"
          ],
          "failures": [
            "45937c4d-46da-44de-a380-df082f4e48a1",
            "128d05c7-3c56-40a5-a3de-777ef994e9dd"
          ],
          "pending": [],
          "skipped": [],
          "duration": 32837,
          "root": false,
          "rootEmpty": false,
          "_timeout": 2000
        }
      ],
      "passes": [],
      "failures": [],
      "pending": [],
      "skipped": [],
      "duration": 0,
      "root": true,
      "rootEmpty": true,
      "_timeout": 2000
    }
  ],
  "meta": {
    "mocha": {
      "version": "7.0.1"
    },
    "mochawesome": {
      "options": {
        "quiet": false,
        "reportFilename": "mochawesome",
        "saveHtml": false,
        "saveJson": true,
        "consoleReporter": "spec",
        "useInlineDiffs": false,
        "code": true
      },
      "version": "7.1.3"
    },
    "marge": {
      "options": {
        "charts": true,
        "overwrite": false,
        "html": false,
        "json": true,
        "reportDir": "cypress/reports"
      },
      "version": "6.2.0"
    }
  }
}