{
  "stats": {
    "suites": 1,
    "tests": 3,
    "passes": 1,
    "pending": 0,
    "failures": 2,
    "start": "2024-04-03T03:25:06.827Z",
    "end": "2024-04-03T03:25:25.113Z",
    "duration": 18286,
    "testsRegistered": 3,
    "passPercent": 33.33333333333333,
    "pendingPercent": 0,
    "other": 0,
    "hasOther": false,
    "skipped": 0,
    "hasSkipped": false
  },
  "results": [
    {
      "uuid": "99191e36-1eba-4daf-87ae-c96127de4b86",
      "title": "",
      "fullFile": "cypress\\e2e\\MyLink\\LinkAppAccessibilityCheck.cy.ts",
      "file": "cypress\\e2e\\MyLink\\LinkAppAccessibilityCheck.cy.ts",
      "beforeHooks": [],
      "afterHooks": [],
      "tests": [],
      "suites": [
        {
          "uuid": "160f8334-8363-4dc1-8e92-0c391f339de6",
          "title": "Link Application Accessbility Check",
          "fullFile": "",
          "file": "",
          "beforeHooks": [],
          "afterHooks": [],
          "tests": [
            {
              "title": "00 Application information ",
              "fullTitle": "Link Application Accessbility Check 00 Application information ",
              "timedOut": null,
              "duration": 60,
              "state": "passed",
              "speed": "fast",
              "pass": true,
              "fail": false,
              "pending": false,
              "context": null,
              "code": "cy.task('log', \"Application under test = \" + this.c.MyApp);",
              "err": {},
              "uuid": "9e68e27b-fc99-44df-b408-eeeeb4a6f32a",
              "parentUUID": "160f8334-8363-4dc1-8e92-0c391f339de6",
              "isHook": false,
              "skipped": false
            },
            {
              "title": "01 Visit Account Overview Page: Test accessbility ",
              "fullTitle": "Link Application Accessbility Check 01 Visit Account Overview Page: Test accessbility ",
              "timedOut": null,
              "duration": 3343,
              "state": "failed",
              "speed": null,
              "pass": false,
              "fail": true,
              "pending": false,
              "context": null,
              "code": "cy.visit(this.c.URL);\ncy.get(\"[id=\".concat(this.repo.LandingPage.NameInput, \"]\")).type(this.c.UserName);\ncy.get(\"[id=\".concat(this.repo.LandingPage.PwdInput, \"]\")).type(this.c.PassCode);\ncy.get(\"button\").contains(this.repo.LandingPage.LoginButton).click();\ncy.checkAccessibility(\"myReport\");",
              "err": {
                "message": "Error: No elements found for include in page Context",
                "estack": "Error: No elements found for include in page Context\n    at new uf (https://linkv4113.infinitycis.com/__cypress/tests?p=cypress\\support\\e2e.ts)\n    at Object.kb [as _runRules] (https://linkv4113.infinitycis.com/__cypress/tests?p=cypress\\support\\e2e.ts)\n    at axe.run (https://linkv4113.infinitycis.com/__cypress/tests?p=cypress\\support\\e2e.ts)",
                "diff": null
              },
              "uuid": "2362f379-5676-4466-9a0a-173acc56c3ea",
              "parentUUID": "160f8334-8363-4dc1-8e92-0c391f339de6",
              "isHook": false,
              "skipped": false
            },
            {
              "title": "02 Visit Billing Page: Test accessbility ",
              "fullTitle": "Link Application Accessbility Check 02 Visit Billing Page: Test accessbility ",
              "timedOut": null,
              "duration": 12051,
              "state": "failed",
              "speed": null,
              "pass": false,
              "fail": true,
              "pending": false,
              "context": null,
              "code": "cy.visit(this.c.URL);\ncy.get(\"[id=\".concat(this.repo.LandingPage.NameInput, \"]\")).type(this.c.UserName);\ncy.get(\"[id=\".concat(this.repo.LandingPage.PwdInput, \"]\")).type(this.c.PassCode);\ncy.get(\"button\").contains(this.repo.LandingPage.LoginButton).click();\ncy.get(\"span\").contains(this.repo.AccountViewPage.MenuItemBilling).click();\ncy.checkAccessibility(\"myReport\");",
              "err": {
                "message": "Error: No elements found for include in page Context",
                "estack": "Error: No elements found for include in page Context\n    at new uf (https://linkv4113.infinitycis.com/__cypress/tests?p=cypress\\support\\e2e.ts)\n    at Object.kb [as _runRules] (https://linkv4113.infinitycis.com/__cypress/tests?p=cypress\\support\\e2e.ts)\n    at axe.run (https://linkv4113.infinitycis.com/__cypress/tests?p=cypress\\support\\e2e.ts)",
                "diff": null
              },
              "uuid": "124455a5-d0bc-4c3a-a6bd-e7b1d9fbce0e",
              "parentUUID": "160f8334-8363-4dc1-8e92-0c391f339de6",
              "isHook": false,
              "skipped": false
            }
          ],
          "suites": [],
          "passes": [
            "9e68e27b-fc99-44df-b408-eeeeb4a6f32a"
          ],
          "failures": [
            "2362f379-5676-4466-9a0a-173acc56c3ea",
            "124455a5-d0bc-4c3a-a6bd-e7b1d9fbce0e"
          ],
          "pending": [],
          "skipped": [],
          "duration": 15454,
          "root": false,
          "rootEmpty": false,
          "_timeout": 2000
        }
      ],
      "passes": [],
      "failures": [],
      "pending": [],
      "skipped": [],
      "duration": 0,
      "root": true,
      "rootEmpty": true,
      "_timeout": 2000
    }
  ],
  "meta": {
    "mocha": {
      "version": "7.0.1"
    },
    "mochawesome": {
      "options": {
        "quiet": false,
        "reportFilename": "mochawesome",
        "saveHtml": false,
        "saveJson": true,
        "consoleReporter": "spec",
        "useInlineDiffs": false,
        "code": true
      },
      "version": "7.1.3"
    },
    "marge": {
      "options": {
        "charts": true,
        "overwrite": false,
        "html": false,
        "json": true,
        "reportDir": "cypress/reports"
      },
      "version": "6.2.0"
    }
  }
}