{
  "stats": {
    "suites": 1,
    "tests": 3,
    "passes": 1,
    "pending": 0,
    "failures": 2,
    "start": "2024-04-03T03:12:42.732Z",
    "end": "2024-04-03T03:12:57.950Z",
    "duration": 15218,
    "testsRegistered": 3,
    "passPercent": 33.33333333333333,
    "pendingPercent": 0,
    "other": 0,
    "hasOther": false,
    "skipped": 0,
    "hasSkipped": false
  },
  "results": [
    {
      "uuid": "6451f7f9-b8c6-4343-9455-cf9db62257d3",
      "title": "",
      "fullFile": "cypress\\e2e\\MyLink\\LinkAppAccessibilityCheck.cy.ts",
      "file": "cypress\\e2e\\MyLink\\LinkAppAccessibilityCheck.cy.ts",
      "beforeHooks": [],
      "afterHooks": [],
      "tests": [],
      "suites": [
        {
          "uuid": "b6dd47b9-7c3a-4952-84a6-1c828653f43b",
          "title": "Link Application Accessbility Check",
          "fullFile": "",
          "file": "",
          "beforeHooks": [],
          "afterHooks": [],
          "tests": [
            {
              "title": "00 Application information ",
              "fullTitle": "Link Application Accessbility Check 00 Application information ",
              "timedOut": null,
              "duration": 68,
              "state": "passed",
              "speed": "fast",
              "pass": true,
              "fail": false,
              "pending": false,
              "context": null,
              "code": "cy.task('log', \"Application under test = \" + this.c.MyApp);",
              "err": {},
              "uuid": "e7a08be7-0949-4a10-905e-37747b833c4f",
              "parentUUID": "b6dd47b9-7c3a-4952-84a6-1c828653f43b",
              "isHook": false,
              "skipped": false
            },
            {
              "title": "01 Visit Account Overview Page: Test accessbility ",
              "fullTitle": "Link Application Accessbility Check 01 Visit Account Overview Page: Test accessbility ",
              "timedOut": null,
              "duration": 3438,
              "state": "failed",
              "speed": null,
              "pass": false,
              "fail": true,
              "pending": false,
              "context": null,
              "code": "cy.visit(this.c.URL);\ncy.get(\"[id=\".concat(this.repo.LandingPage.NameInput, \"]\")).type(this.c.UserName);\ncy.get(\"[id=\".concat(this.repo.LandingPage.PwdInput, \"]\")).type(this.c.PassCode);\ncy.get(\"button\").contains(this.repo.LandingPage.LoginButton).click();\ncy.checkAccessibility(\"myReport\");",
              "err": {
                "message": "Error: No elements found for include in page Context",
                "estack": "Error: No elements found for include in page Context\n    at new uf (https://linkv4113.infinitycis.com/__cypress/tests?p=cypress\\support\\e2e.ts)\n    at Object.kb [as _runRules] (https://linkv4113.infinitycis.com/__cypress/tests?p=cypress\\support\\e2e.ts)\n    at axe.run (https://linkv4113.infinitycis.com/__cypress/tests?p=cypress\\support\\e2e.ts)",
                "diff": null
              },
              "uuid": "b13b725c-b501-4acb-b984-163a10464989",
              "parentUUID": "b6dd47b9-7c3a-4952-84a6-1c828653f43b",
              "isHook": false,
              "skipped": false
            },
            {
              "title": "02 Visit Billing Page: Test accessbility ",
              "fullTitle": "Link Application Accessbility Check 02 Visit Billing Page: Test accessbility ",
              "timedOut": null,
              "duration": 8508,
              "state": "failed",
              "speed": null,
              "pass": false,
              "fail": true,
              "pending": false,
              "context": null,
              "code": "cy.visit(this.c.URL);\ncy.get(\"[id=\".concat(this.repo.LandingPage.NameInput, \"]\")).type(this.c.UserName);\ncy.get(\"[id=\".concat(this.repo.LandingPage.PwdInput, \"]\")).type(this.c.PassCode);\ncy.get(\"button\").contains(this.repo.LandingPage.LoginButton).click();\ncy.get(\"span\").contains(this.repo.AccountViewPage.MenuItemBilling).click();\ncy.checkAccessibility(\"myReport\");",
              "err": {
                "message": "Error: No elements found for include in page Context",
                "estack": "Error: No elements found for include in page Context\n    at new uf (https://linkv4113.infinitycis.com/__cypress/tests?p=cypress\\support\\e2e.ts)\n    at Object.kb [as _runRules] (https://linkv4113.infinitycis.com/__cypress/tests?p=cypress\\support\\e2e.ts)\n    at axe.run (https://linkv4113.infinitycis.com/__cypress/tests?p=cypress\\support\\e2e.ts)",
                "diff": null
              },
              "uuid": "ba72ac5c-95c6-451c-bdff-c8f5e0450014",
              "parentUUID": "b6dd47b9-7c3a-4952-84a6-1c828653f43b",
              "isHook": false,
              "skipped": false
            }
          ],
          "suites": [],
          "passes": [
            "e7a08be7-0949-4a10-905e-37747b833c4f"
          ],
          "failures": [
            "b13b725c-b501-4acb-b984-163a10464989",
            "ba72ac5c-95c6-451c-bdff-c8f5e0450014"
          ],
          "pending": [],
          "skipped": [],
          "duration": 12014,
          "root": false,
          "rootEmpty": false,
          "_timeout": 2000
        }
      ],
      "passes": [],
      "failures": [],
      "pending": [],
      "skipped": [],
      "duration": 0,
      "root": true,
      "rootEmpty": true,
      "_timeout": 2000
    }
  ],
  "meta": {
    "mocha": {
      "version": "7.0.1"
    },
    "mochawesome": {
      "options": {
        "quiet": false,
        "reportFilename": "mochawesome",
        "saveHtml": false,
        "saveJson": true,
        "consoleReporter": "spec",
        "useInlineDiffs": false,
        "code": true
      },
      "version": "7.1.3"
    },
    "marge": {
      "options": {
        "charts": true,
        "overwrite": false,
        "html": false,
        "json": true,
        "reportDir": "cypress/reports"
      },
      "version": "6.2.0"
    }
  }
}