{
  "stats": {
    "suites": 1,
    "tests": 2,
    "passes": 1,
    "pending": 0,
    "failures": 1,
    "start": "2024-04-08T20:53:57.589Z",
    "end": "2024-04-08T20:53:57.977Z",
    "duration": 388,
    "testsRegistered": 2,
    "passPercent": 50,
    "pendingPercent": 0,
    "other": 0,
    "hasOther": false,
    "skipped": 0,
    "hasSkipped": false
  },
  "results": [
    {
      "uuid": "ec0ed8d5-7124-4685-a2e3-234978676b1b",
      "title": "",
      "fullFile": "cypress\\e2e\\Mywork\\myExcel.cy.js",
      "file": "cypress\\e2e\\Mywork\\myExcel.cy.js",
      "beforeHooks": [],
      "afterHooks": [],
      "tests": [],
      "suites": [
        {
          "uuid": "cb62d8ae-4f76-4a70-b376-68fd5fd37a53",
          "title": "Reading from and Writing to Excel file ",
          "fullFile": "",
          "file": "",
          "beforeHooks": [],
          "afterHooks": [],
          "tests": [
            {
              "title": "01 should read from an Excel file",
              "fullTitle": "Reading from and Writing to Excel file  01 should read from an Excel file",
              "timedOut": null,
              "duration": 75,
              "state": "passed",
              "speed": "fast",
              "pass": true,
              "fail": false,
              "pending": false,
              "context": null,
              "code": "cy.task('ReadExcel', {\n  file: 'MyWork/sheet.xlsx',\n  sheetname: 'Sheet1'\n}).then(rows => {\n  cy.task('log', 'rows = ' + rows.length);\n  cy.writeFile('MyWork/sheet.json', {\n    rows\n  });\n});",
              "err": {},
              "uuid": "6b752e8e-facd-4b90-891a-2519eb56f23a",
              "parentUUID": "cb62d8ae-4f76-4a70-b376-68fd5fd37a53",
              "isHook": false,
              "skipped": false
            },
            {
              "title": "02 should write to Excel file",
              "fullTitle": "Reading from and Writing to Excel file  02 should write to Excel file",
              "timedOut": null,
              "duration": 241,
              "state": "failed",
              "speed": null,
              "pass": false,
              "fail": true,
              "pending": false,
              "context": null,
              "code": "var data = [{\n  firstName: 'John',\n  lastName: 'Doe'\n}, {\n  firstName: 'Smith',\n  lastName: 'Peters'\n}, {\n  firstName: 'Alice',\n  lastName: 'Lee'\n}];\ncy.task('WriteExcel', data, 'Responses', 'MyWork/sampleData.xlsx');",
              "err": {
                "message": "CypressError: `cy.task('WriteExcel')` failed with the following error:\n\n> Cannot read properties of undefined (reading 'slice')\n\nhttps://on.cypress.io/api/task",
                "estack": "CypressError: `cy.task('WriteExcel')` failed with the following error:\n\n> Cannot read properties of undefined (reading 'slice')\n\nhttps://on.cypress.io/api/task\n    at <unknown> (http://localhost:61042/__cypress/runner/cypress_runner.js:135279:70)\n    at tryCatcher (http://localhost:61042/__cypress/runner/cypress_runner.js:1807:23)\n    at Promise._settlePromiseFromHandler (http://localhost:61042/__cypress/runner/cypress_runner.js:1519:31)\n    at Promise._settlePromise (http://localhost:61042/__cypress/runner/cypress_runner.js:1576:18)\n    at Promise._settlePromise0 (http://localhost:61042/__cypress/runner/cypress_runner.js:1621:10)\n    at Promise._settlePromises (http://localhost:61042/__cypress/runner/cypress_runner.js:1697:18)\n    at _drainQueueStep (http://localhost:61042/__cypress/runner/cypress_runner.js:2407:12)\n    at _drainQueue (http://localhost:61042/__cypress/runner/cypress_runner.js:2400:9)\n    at Async._drainQueues (http://localhost:61042/__cypress/runner/cypress_runner.js:2416:5)\n    at Async.drainQueues (http://localhost:61042/__cypress/runner/cypress_runner.js:2286:14)\nFrom Your Spec Code:\n    at Context.eval (webpack://mycypress/./cypress/e2e/Mywork/myExcel.cy.js:26:14)\n\nFrom Node.js Internals:\n  TypeError: Cannot read properties of undefined (reading 'slice')\n      at resolve_book_type (C:\\MyCypress\\FirstDemo\\node_modules\\xlsx\\xlsx.js:25875:19)\n      at Object.writeFileSync (C:\\MyCypress\\FirstDemo\\node_modules\\xlsx\\xlsx.js:25883:2)\n      at <unknown> (C:\\MyCypress\\FirstDemo\\cypress.config.js:58:20)\n  at new Promise (<anonymous>)\n      at WriteExcel (C:\\MyCypress\\FirstDemo\\cypress.config.js:52:16)\n      at invoke (C:\\Users\\vp101121\\AppData\\Local\\Cypress\\Cache\\13.6.6\\Cypress\\resources\\app\\node_modules\\@packages\\server\\lib\\plugins\\child\\run_plugins.js:248:16)\n      at <unknown> (C:\\Users\\vp101121\\AppData\\Local\\Cypress\\Cache\\13.6.6\\Cypress\\resources\\app\\node_modules\\@packages\\server\\lib\\plugins\\util.js:59:14)\n      at tryCatcher (C:\\Users\\vp101121\\AppData\\Local\\Cypress\\Cache\\13.6.6\\Cypress\\resources\\app\\node_modules\\bluebird\\js\\release\\util.js:16:23)\n      at Function.Promise.attempt.Promise.try (C:\\Users\\vp101121\\AppData\\Local\\Cypress\\Cache\\13.6.6\\Cypress\\resources\\app\\node_modules\\bluebird\\js\\release\\method.js:39:29)\n      at Object.wrapChildPromise (C:\\Users\\vp101121\\AppData\\Local\\Cypress\\Cache\\13.6.6\\Cypress\\resources\\app\\node_modules\\@packages\\server\\lib\\plugins\\util.js:58:23)\n      at RunPlugins.taskExecute (C:\\Users\\vp101121\\AppData\\Local\\Cypress\\Cache\\13.6.6\\Cypress\\resources\\app\\node_modules\\@packages\\server\\lib\\plugins\\child\\run_plugins.js:254:10)\n      at RunPlugins.execute (C:\\Users\\vp101121\\AppData\\Local\\Cypress\\Cache\\13.6.6\\Cypress\\resources\\app\\node_modules\\@packages\\server\\lib\\plugins\\child\\run_plugins.js:166:21)\n      at EventEmitter.<anonymous> (C:\\Users\\vp101121\\AppData\\Local\\Cypress\\Cache\\13.6.6\\Cypress\\resources\\app\\node_modules\\@packages\\server\\lib\\plugins\\child\\run_plugins.js:56:12)\n      at EventEmitter.emit (node:events:518:28)\n      at EventEmitter.emit (node:domain:488:12)\n      at process.<anonymous> (C:\\Users\\vp101121\\AppData\\Local\\Cypress\\Cache\\13.6.6\\Cypress\\resources\\app\\node_modules\\@packages\\server\\lib\\plugins\\util.js:33:22)\n      at process.emit (node:events:518:28)\n      at process.emit (node:domain:488:12)\n      at process.emit.sharedData.processEmitHook.installedValue [as emit] (C:\\Users\\vp101121\\AppData\\Local\\Cypress\\Cache\\13.6.6\\Cypress\\resources\\app\\node_modules\\@cspotcode\\source-map-support\\source-map-support.js:745:40)\n      at emit (node:internal/child_process:951:14)\n      at processTicksAndRejections (node:internal/process/task_queues:83:21)",
                "diff": null
              },
              "uuid": "8cf4130a-baf8-4c3c-ae4e-8dd01e80121f",
              "parentUUID": "cb62d8ae-4f76-4a70-b376-68fd5fd37a53",
              "isHook": false,
              "skipped": false
            }
          ],
          "suites": [],
          "passes": [
            "6b752e8e-facd-4b90-891a-2519eb56f23a"
          ],
          "failures": [
            "8cf4130a-baf8-4c3c-ae4e-8dd01e80121f"
          ],
          "pending": [],
          "skipped": [],
          "duration": 316,
          "root": false,
          "rootEmpty": false,
          "_timeout": 2000
        }
      ],
      "passes": [],
      "failures": [],
      "pending": [],
      "skipped": [],
      "duration": 0,
      "root": true,
      "rootEmpty": true,
      "_timeout": 2000
    }
  ],
  "meta": {
    "mocha": {
      "version": "7.0.1"
    },
    "mochawesome": {
      "options": {
        "quiet": false,
        "reportFilename": "mochawesome",
        "saveHtml": false,
        "saveJson": true,
        "consoleReporter": "spec",
        "useInlineDiffs": false,
        "code": true
      },
      "version": "7.1.3"
    },
    "marge": {
      "options": {
        "charts": true,
        "overwrite": false,
        "html": false,
        "json": true,
        "reportDir": "cypress/reports"
      },
      "version": "6.2.0"
    }
  }
}